生成启动时间为 2017/5/28 10:52:49。
     1>项目“D:\VSprojects\calc\calc\calc.vcxproj”在节点 2 上(Rebuild 个目标)。
     1>ClCompile:
         D:\VS2015\VC\bin\CL.exe /c /ZI /nologo /W3 /WX- /sdl /Od /Oy- /D WIN32 /D _WINDOWS /D _DEBUG /D _UNICODE /D UNICODE /D _AFXDLL /Gm /EHsc /RTC1 /MDd /GS /fp:precise /Zc:wchar_t /Zc:forScope /Zc:inline /Yc"stdafx.h" /Fp"Debug\calc.pch" /Fo"Debug\\" /Fd"Debug\vc140.pdb" /Gd /TP /analyze- /errorReport:prompt stdafx.cpp
         stdafx.cpp
         D:\VS2015\VC\bin\CL.exe /c /ZI /nologo /W3 /WX- /sdl /Od /Oy- /D WIN32 /D _WINDOWS /D _DEBUG /D _UNICODE /D UNICODE /D _AFXDLL /Gm /EHsc /RTC1 /MDd /GS /fp:precise /Zc:wchar_t /Zc:forScope /Zc:inline /Yu"stdafx.h" /Fp"Debug\calc.pch" /Fo"Debug\\" /Fd"Debug\vc140.pdb" /Gd /TP /analyze- /errorReport:prompt calc.cpp calcDlg.cpp
         calcDlg.cpp
     1>d:\vsprojects\calc\calc\calcdlg.cpp(264): warning C4244: “=”: 从“double”转换到“int”，可能丢失数据
     1>d:\vsprojects\calc\calc\calcdlg.cpp(265): warning C4244: “=”: 从“double”转换到“int”，可能丢失数据
         calc.cpp
         正在生成代码...
       ResourceCompile:
         C:\Program Files (x86)\Windows Kits\8.1\bin\x86\rc.exe /D _DEBUG /D _UNICODE /D UNICODE /D _AFXDLL /l"0x0804" /IDebug\ /nologo /fo"Debug\calc.res" calc.rc 
       Link:
         D:\VS2015\VC\bin\link.exe /ERRORREPORT:PROMPT /OUT:"D:\VSprojects\calc\Debug\calc.exe" /INCREMENTAL /NOLOGO /MANIFEST /MANIFESTUAC:"level='asInvoker' uiAccess='false'" /manifest:embed /manifestinput:D:\VS2015\VC\Include\Manifest\dpiaware.manifest /Debug /PDB:"D:\VSprojects\calc\Debug\calc.pdb" /SUBSYSTEM:WINDOWS /TLBID:1 /ENTRY:"wWinMainCRTStartup" /DYNAMICBASE /NXCOMPAT /IMPLIB:"D:\VSprojects\calc\Debug\calc.lib" /MACHINE:X86 Debug\calc.res
         Debug\calc.obj
         Debug\calcDlg.obj
         Debug\stdafx.obj
         calc.vcxproj -> D:\VSprojects\calc\Debug\calc.exe
     1>已完成生成项目“D:\VSprojects\calc\calc\calc.vcxproj”(Rebuild 个目标)的操作。

已成功生成。

已用时间 00:00:04.13
